{"C:\\Users\\hi\\monorepo\\packages\\navigation\\drawer\\src\\screens\\Calendar.tsx": {"path":"C:\\Users\\hi\\monorepo\\packages\\navigation\\drawer\\src\\screens\\Calendar.tsx","statementMap":{"0":{"start":{"line":6,"column":23},"end":{"line":12,"column":1}},"1":{"start":{"line":7,"column":2},"end":{"line":11,"column":4}}},"fnMap":{"0":{"name":"(anonymous_0)","decl":{"start":{"line":6,"column":23},"end":{"line":6,"column":24}},"loc":{"start":{"line":6,"column":29},"end":{"line":12,"column":1}},"line":6}},"branchMap":{},"s":{"0":1,"1":1},"f":{"0":1},"b":{},"_coverageSchema":"1a1c01bbd47fc00a2c39e90264f33305004495a9","hash":"5217579d9dfd633c8f7ddfed421981537595514f"}
,"C:\\Users\\hi\\monorepo\\packages\\navigation\\drawer\\src\\screens\\Profile.tsx": {"path":"C:\\Users\\hi\\monorepo\\packages\\navigation\\drawer\\src\\screens\\Profile.tsx","statementMap":{"0":{"start":{"line":6,"column":23},"end":{"line":12,"column":1}},"1":{"start":{"line":7,"column":2},"end":{"line":11,"column":4}}},"fnMap":{"0":{"name":"(anonymous_0)","decl":{"start":{"line":6,"column":23},"end":{"line":6,"column":24}},"loc":{"start":{"line":6,"column":29},"end":{"line":12,"column":1}},"line":6}},"branchMap":{},"s":{"0":1,"1":1},"f":{"0":1},"b":{},"_coverageSchema":"1a1c01bbd47fc00a2c39e90264f33305004495a9","hash":"81661b67eec4fa1c6109e78693943d3ef27095aa"}
,"C:\\Users\\hi\\monorepo\\packages\\navigation\\drawer\\src\\theme\\styles.ts": {"path":"C:\\Users\\hi\\monorepo\\packages\\navigation\\drawer\\src\\theme\\styles.ts","statementMap":{"0":{"start":{"line":3,"column":15},"end":{"line":81,"column":2}}},"fnMap":{},"branchMap":{},"s":{"0":2},"f":{},"b":{},"_coverageSchema":"1a1c01bbd47fc00a2c39e90264f33305004495a9","hash":"a357f34cd6c9dda51c69ee18d71ffefbfa793618"}
}
